# JRE version: 7.0_21-b11
# Java VM: Java HotSpot(TM) 64-Bit Server VM (23.21-b01 mixed mode windows-amd64 compressed oops)
Heap
 PSYoungGen      total 154816K, used 103586K [0x00000007d6200000, 0x00000007eb820000, 0x0000000800000000)
  eden space 125312K, 82% used [0x00000007d6200000,0x00000007dc728bc0,0x00000007ddc60000)
  from space 29504K, 0% used [0x00000007ddc60000,0x00000007ddc60000,0x00000007df930000)
  to   space 49856K, 0% used [0x00000007e8770000,0x00000007e8770000,0x00000007eb820000)
 ParOldGen       total 85760K, used 85756K [0x0000000782600000, 0x00000007879c0000, 0x00000007d6200000)
  object space 85760K, 99% used [0x0000000782600000,0x00000007879bf2e8,0x00000007879c0000)
 PSPermGen       total 34176K, used 15699K [0x000000077d400000, 0x000000077f560000, 0x0000000782600000)
  object space 34176K, 45% used [0x000000077d400000,0x000000077e354c88,0x000000077f560000)
GC Heap History (10 events):
Event: 15.042 GC heap before
{Heap before GC invocations=6 (full 0):
 PSYoungGen      total 69824K, used 69809K [0x00000007d6200000, 0x00000007e1260000, 0x0000000800000000)
  eden space 64512K, 100% used [0x00000007d6200000,0x00000007da100000,0x00000007da100000)
  from space 5312K, 99% used [0x00000007da100000,0x00000007da62c6e0,0x00000007da630000)
  to   space 25792K, 0% used [0x00000007df930000,0x00000007df930000,0x00000007e1260000)
 ParOldGen       total 85760K, used 48986K [0x0000000782600000, 0x00000007879c0000, 0x00000007d6200000)
  object space 85760K, 57% used [0x0000000782600000,0x00000007855d6be0,0x00000007879c0000)
 PSPermGen       total 21248K, used 15404K [0x000000077d400000, 0x000000077e8c0000, 0x0000000782600000)
  object space 21248K, 72% used [0x000000077d400000,0x000000077e30b2f8,0x000000077e8c0000)
Event: 15.066 GC heap after
Heap after GC invocations=6 (full 0):
 PSYoungGen      total 151104K, used 24689K [0x00000007d6200000, 0x00000007e19a0000, 0x0000000800000000)
  eden space 125312K, 0% used [0x00000007d6200000,0x00000007d6200000,0x00000007ddc60000)
  from space 25792K, 95% used [0x00000007df930000,0x00000007e114c6c0,0x00000007e1260000)
  to   space 29504K, 0% used [0x00000007ddc60000,0x00000007ddc60000,0x00000007df930000)
 ParOldGen       total 85760K, used 48986K [0x0000000782600000, 0x00000007879c0000, 0x00000007d6200000)
  object space 85760K, 57% used [0x0000000782600000,0x00000007855d6be0,0x00000007879c0000)
 PSPermGen       total 21248K, used 15404K [0x000000077d400000, 0x000000077e8c0000, 0x0000000782600000)
  object space 21248K, 72% used [0x000000077d400000,0x000000077e30b2f8,0x000000077e8c0000)
}
Event: 15.236 GC heap before
{Heap before GC invocations=7 (full 0):
 PSYoungGen      total 151104K, used 150001K [0x00000007d6200000, 0x00000007e19a0000, 0x0000000800000000)
  eden space 125312K, 100% used [0x00000007d6200000,0x00000007ddc60000,0x00000007ddc60000)
  from space 25792K, 95% used [0x00000007df930000,0x00000007e114c6c0,0x00000007e1260000)
  to   space 29504K, 0% used [0x00000007ddc60000,0x00000007ddc60000,0x00000007df930000)
 ParOldGen       total 85760K, used 48986K [0x0000000782600000, 0x00000007879c0000, 0x00000007d6200000)
  object space 85760K, 57% used [0x0000000782600000,0x00000007855d6be0,0x00000007879c0000)
 PSPermGen       total 21248K, used 15405K [0x000000077d400000, 0x000000077e8c0000, 0x0000000782600000)
  object space 21248K, 72% used [0x000000077d400000,0x000000077e30b6d8,0x000000077e8c0000)
Event: 15.286 GC heap after
Heap after GC invocations=7 (full 0):
 PSYoungGen      total 154816K, used 29472K [0x00000007d6200000, 0x00000007eb820000, 0x0000000800000000)
  eden space 125312K, 0% used [0x00000007d6200000,0x00000007d6200000,0x00000007ddc60000)
  from space 29504K, 99% used [0x00000007ddc60000,0x00000007df928010,0x00000007df930000)
  to   space 49856K, 0% used [0x00000007e8770000,0x00000007e8770000,0x00000007eb820000)
 ParOldGen       total 85760K, used 80342K [0x0000000782600000, 0x00000007879c0000, 0x00000007d6200000)
  object space 85760K, 93% used [0x0000000782600000,0x0000000787475870,0x00000007879c0000)
 PSPermGen       total 21248K, used 15405K [0x000000077d400000, 0x000000077e8c0000, 0x0000000782600000)
  object space 21248K, 72% used [0x000000077d400000,0x000000077e30b6d8,0x000000077e8c0000)
}
Event: 15.286 GC heap before
{Heap before GC invocations=8 (full 1):
 PSYoungGen      total 154816K, used 29472K [0x00000007d6200000, 0x00000007eb820000, 0x0000000800000000)
  eden space 125312K, 0% used [0x00000007d6200000,0x00000007d6200000,0x00000007ddc60000)
  from space 29504K, 99% used [0x00000007ddc60000,0x00000007df928010,0x00000007df930000)
  to   space 49856K, 0% used [0x00000007e8770000,0x00000007e8770000,0x00000007eb820000)
 ParOldGen       total 85760K, used 80342K [0x0000000782600000, 0x00000007879c0000, 0x00000007d6200000)
  object space 85760K, 93% used [0x0000000782600000,0x0000000787475870,0x00000007879c0000)
 PSPermGen       total 21248K, used 15405K [0x000000077d400000, 0x000000077e8c0000, 0x0000000782600000)
  object space 21248K, 72% used [0x000000077d400000,0x000000077e30b6d8,0x000000077e8c0000)
Event: 15.664 GC heap after
Heap after GC invocations=8 (full 1):
 PSYoungGen      total 154816K, used 22676K [0x00000007d6200000, 0x00000007eb820000, 0x0000000800000000)
  eden space 125312K, 0% used [0x00000007d6200000,0x00000007d6200000,0x00000007ddc60000)
  from space 29504K, 76% used [0x00000007ddc60000,0x00000007df285218,0x00000007df930000)
  to   space 49856K, 0% used [0x00000007e8770000,0x00000007e8770000,0x00000007eb820000)
 ParOldGen       total 85760K, used 85759K [0x0000000782600000, 0x00000007879c0000, 0x00000007d6200000)
  object space 85760K, 99% used [0x0000000782600000,0x00000007879bfcc8,0x00000007879c0000)
 PSPermGen       total 31104K, used 15398K [0x000000077d400000, 0x000000077f260000, 0x0000000782600000)
  object space 31104K, 49% used [0x000000077d400000,0x000000077e309a30,0x000000077f260000)
}
Event: 15.877 GC heap before
{Heap before GC invocations=9 (full 2):
 PSYoungGen      total 154816K, used 147988K [0x00000007d6200000, 0x00000007eb820000, 0x0000000800000000)
  eden space 125312K, 100% used [0x00000007d6200000,0x00000007ddc60000,0x00000007ddc60000)
  from space 29504K, 76% used [0x00000007ddc60000,0x00000007df285218,0x00000007df930000)
  to   space 49856K, 0% used [0x00000007e8770000,0x00000007e8770000,0x00000007eb820000)
 ParOldGen       total 85760K, used 85759K [0x0000000782600000, 0x00000007879c0000, 0x00000007d6200000)
  object space 85760K, 99% used [0x0000000782600000,0x00000007879bfcc8,0x00000007879c0000)
 PSPermGen       total 31104K, used 15398K [0x000000077d400000, 0x000000077f260000, 0x0000000782600000)
  object space 31104K, 49% used [0x000000077d400000,0x000000077e309a30,0x000000077f260000)
Event: 16.242 GC heap after
Heap after GC invocations=9 (full 2):
 PSYoungGen      total 154816K, used 60696K [0x00000007d6200000, 0x00000007eb820000, 0x0000000800000000)
  eden space 125312K, 48% used [0x00000007d6200000,0x00000007d9d46200,0x00000007ddc60000)
  from space 29504K, 0% used [0x00000007ddc60000,0x00000007ddc60000,0x00000007df930000)
  to   space 49856K, 0% used [0x00000007e8770000,0x00000007e8770000,0x00000007eb820000)
 ParOldGen       total 85760K, used 85759K [0x0000000782600000, 0x00000007879c0000, 0x00000007d6200000)
  object space 85760K, 99% used [0x0000000782600000,0x00000007879bfc88,0x00000007879c0000)
 PSPermGen       total 35200K, used 15398K [0x000000077d400000, 0x000000077f660000, 0x0000000782600000)
  object space 35200K, 43% used [0x000000077d400000,0x000000077e309a30,0x000000077f660000)
}
Event: 16.520 GC heap before
{Heap before GC invocations=10 (full 3):
 PSYoungGen      total 154816K, used 125312K [0x00000007d6200000, 0x00000007eb820000, 0x0000000800000000)
  eden space 125312K, 100% used [0x00000007d6200000,0x00000007ddc60000,0x00000007ddc60000)
  from space 29504K, 0% used [0x00000007ddc60000,0x00000007ddc60000,0x00000007df930000)
  to   space 49856K, 0% used [0x00000007e8770000,0x00000007e8770000,0x00000007eb820000)
 ParOldGen       total 85760K, used 85759K [0x0000000782600000, 0x00000007879c0000, 0x00000007d6200000)
  object space 85760K, 99% used [0x0000000782600000,0x00000007879bfc88,0x00000007879c0000)
 PSPermGen       total 35200K, used 15696K [0x000000077d400000, 0x000000077f660000, 0x0000000782600000)
  object space 35200K, 44% used [0x000000077d400000,0x000000077e354180,0x000000077f660000)
Event: 16.876 GC heap after
Heap after GC invocations=10 (full 3):
 PSYoungGen      total 154816K, used 78046K [0x00000007d6200000, 0x00000007eb820000, 0x0000000800000000)
  eden space 125312K, 62% used [0x00000007d6200000,0x00000007dae37b40,0x00000007ddc60000)
  from space 29504K, 0% used [0x00000007ddc60000,0x00000007ddc60000,0x00000007df930000)
  to   space 49856K, 0% used [0x00000007e8770000,0x00000007e8770000,0x00000007eb820000)
 ParOldGen       total 85760K, used 85756K [0x0000000782600000, 0x00000007879c0000, 0x00000007d6200000)
  object space 85760K, 99% used [0x0000000782600000,0x00000007879bf2e8,0x00000007879c0000)
 PSPermGen       total 34176K, used 15696K [0x000000077d400000, 0x000000077f560000, 0x0000000782600000)
  object space 34176K, 45% used [0x000000077d400000,0x000000077e354180,0x000000077f560000)
}

